<?xml version="1.0" encoding="UTF-8"?>
<!-- Generated by org.testng.reporters.JUnitXMLReporter -->
<testsuite hostname="Administrators-MacBook-Pro-9.local" ignored="0" name="My API Test Cases" tests="6" failures="4" timestamp="24 Feb 2018 18:01:07 GMT" time="5.549" errors="0">
  <testcase name="createCustomerTest" time="1.717" classname="com.qa.tests.CreateCustomerPOSTCallTest"/>
  <testcase name="getCityTest" time="1.0" classname="com.qa.tests.GetCityInfo"/>
  <testcase name="getWeatherInfo" time="0.564" classname="com.qa.tests.HttpGetAPI">
    <failure type="junit.framework.AssertionFailedError" message="expected:&amp;lt;200&amp;gt; but was:&amp;lt;503&amp;gt;">
      <![CDATA[junit.framework.AssertionFailedError: expected:<200> but was:<503>
	at junit.framework.Assert.fail(Assert.java:50)
	at junit.framework.Assert.failNotEquals(Assert.java:287)
	at junit.framework.Assert.assertEquals(Assert.java:67)
	at junit.framework.Assert.assertEquals(Assert.java:199)
	at junit.framework.Assert.assertEquals(Assert.java:205)
	at com.qa.tests.HttpGetAPI.getWeatherInfo(HttpGetAPI.java:43)
... Removed 25 stack frames]]>
    </failure>
  </testcase> <!-- getWeatherInfo -->
  <testcase name="getWeatherInfo" time="0.591" classname="com.qa.tests.HttpGetAPI">
    <failure type="junit.framework.AssertionFailedError" message="expected:&amp;lt;200&amp;gt; but was:&amp;lt;503&amp;gt;">
      <![CDATA[junit.framework.AssertionFailedError: expected:<200> but was:<503>
	at junit.framework.Assert.fail(Assert.java:50)
	at junit.framework.Assert.failNotEquals(Assert.java:287)
	at junit.framework.Assert.assertEquals(Assert.java:67)
	at junit.framework.Assert.assertEquals(Assert.java:199)
	at junit.framework.Assert.assertEquals(Assert.java:205)
	at com.qa.tests.HttpGetAPI.getWeatherInfo(HttpGetAPI.java:43)
... Removed 25 stack frames]]>
    </failure>
  </testcase> <!-- getWeatherInfo -->
  <testcase name="getWeatherInfo" time="0.561" classname="com.qa.tests.HttpGetAPI">
    <failure type="junit.framework.AssertionFailedError" message="expected:&amp;lt;200&amp;gt; but was:&amp;lt;503&amp;gt;">
      <![CDATA[junit.framework.AssertionFailedError: expected:<200> but was:<503>
	at junit.framework.Assert.fail(Assert.java:50)
	at junit.framework.Assert.failNotEquals(Assert.java:287)
	at junit.framework.Assert.assertEquals(Assert.java:67)
	at junit.framework.Assert.assertEquals(Assert.java:199)
	at junit.framework.Assert.assertEquals(Assert.java:205)
	at com.qa.tests.HttpGetAPI.getWeatherInfo(HttpGetAPI.java:43)
... Removed 25 stack frames]]>
    </failure>
  </testcase> <!-- getWeatherInfo -->
  <testcase name="getWeatherInfo" time="0.571" classname="com.qa.tests.HttpGetAPI">
    <failure type="junit.framework.AssertionFailedError" message="expected:&amp;lt;200&amp;gt; but was:&amp;lt;503&amp;gt;">
      <![CDATA[junit.framework.AssertionFailedError: expected:<200> but was:<503>
	at junit.framework.Assert.fail(Assert.java:50)
	at junit.framework.Assert.failNotEquals(Assert.java:287)
	at junit.framework.Assert.assertEquals(Assert.java:67)
	at junit.framework.Assert.assertEquals(Assert.java:199)
	at junit.framework.Assert.assertEquals(Assert.java:205)
	at com.qa.tests.HttpGetAPI.getWeatherInfo(HttpGetAPI.java:43)
... Removed 25 stack frames]]>
    </failure>
  </testcase> <!-- getWeatherInfo -->
</testsuite> <!-- My API Test Cases -->
